<?xml version="1.0" encoding="UTF-8"?>
<testsuite xmlns:xsi="http://www.w3.org/2001/XMLSchema-instance" xsi:noNamespaceSchemaLocation="https://maven.apache.org/surefire/maven-surefire-plugin/xsd/surefire-test-report-3.0.xsd" version="3.0" name="com.slb.project.SpringBootAppApplicationTests" time="7.036" tests="1" errors="0" skipped="0" failures="0">
  <properties>
[...]
</properties>
  <testcase name="contextLoads" classname="com.slb.project.SpringBootAppApplicationTests" time="4.333">
    <system-out><![CDATA[16:25:22.847 [main] INFO org.springframework.test.context.support.AnnotationConfigContextLoaderUtils -- Could not detect default configuration classes for test class [com.slb.project.SpringBootAppApplicationTests]: SpringBootAppApplicationTests does not declare any static, non-private, non-final, nested classes annotated with @Configuration.
16:25:23.032 [main] INFO org.springframework.boot.test.context.SpringBootTestContextBootstrapper -- Found @SpringBootConfiguration com.slb.project.SpringBootAppApplication for test class com.slb.project.SpringBootAppApplicationTests

  .   ____          _            __ _ _
 /\\ / ___'_ __ _ _(_)_ __  __ _ \ \ \ \
( ( )\___ | '_ | '_| | '_ \/ _` | \ \ \ \
 \\/  ___)| |_)| | | | | || (_| |  ) ) ) )
  '  |____| .__|_| |_|_| |_\__, | / / / /
 =========|_|==============|___/=/_/_/_/

 :: Spring Boot ::                (v3.3.9)

2025-03-08T16:25:23.666+05:30  INFO 3844 --- [SpringBootApp] [           main] c.s.p.SpringBootAppApplicationTests      : Starting SpringBootAppApplicationTests using Java 17.0.9 with PID 3844 (started by ASharma105 in C:\PLM\project)
2025-03-08T16:25:23.669+05:30  INFO 3844 --- [SpringBootApp] [           main] c.s.p.SpringBootAppApplicationTests      : No active profile set, falling back to 1 default profile: "default"
2025-03-08T16:25:25.221+05:30  INFO 3844 --- [SpringBootApp] [           main] c.s.p.SpringBootAppApplicationTests      : Started SpringBootAppApplicationTests in 2.008 seconds (process running for 3.374)
]]></system-out>
  </testcase>
</testsuite>